<?xml version="1.0" encoding="UTF-8"?>
<!-- Generated by org.testng.reporters.JUnitReportReporter -->
<testsuite hostname="CSE1805568" failures="0" tests="19" name="com.runner.OpenCartRunner" time="150.933" errors="0" timestamp="2022-03-22T12:02:31 IST" skipped="0">
  <testcase classname="com.runner.OpenCartRunner" name="Scenario" time="17.542"/>
  <system-out/>
  <testcase classname="com.runner.OpenCartRunner" name="Scenario" time="16.529"/>
  <system-out/>
  <testcase classname="com.runner.OpenCartRunner" name="Scenario" time="6.024"/>
  <system-out/>
  <testcase classname="com.runner.OpenCartRunner" name="Scenario" time="7.498"/>
  <system-out/>
  <testcase classname="com.runner.OpenCartRunner" name="Scenario" time="7.708"/>
  <system-out/>
  <testcase classname="com.runner.OpenCartRunner" name="Scenario" time="17.072"/>
  <system-out/>
  <testcase classname="com.runner.OpenCartRunner" name="Scenario" time="4.334"/>
  <system-out/>
  <testcase classname="com.runner.OpenCartRunner" name="Scenario" time="6.847"/>
  <system-out/>
  <testcase classname="com.runner.OpenCartRunner" name="Scenario" time="5.412"/>
  <system-out/>
  <testcase classname="com.runner.OpenCartRunner" name="Scenario" time="6.169"/>
  <system-out/>
  <testcase classname="com.runner.OpenCartRunner" name="Scenario" time="5.621"/>
  <system-out/>
  <testcase classname="com.runner.OpenCartRunner" name="Scenario" time="6.460"/>
  <system-out/>
  <testcase classname="com.runner.OpenCartRunner" name="Scenario" time="7.089"/>
  <system-out/>
  <testcase classname="com.runner.OpenCartRunner" name="Scenario" time="6.374"/>
  <system-out/>
  <testcase classname="com.runner.OpenCartRunner" name="Scenario" time="6.239"/>
  <system-out/>
  <testcase classname="com.runner.OpenCartRunner" name="Scenario" time="6.374"/>
  <system-out/>
  <testcase classname="com.runner.OpenCartRunner" name="Scenario" time="4.977"/>
  <system-out/>
  <testcase classname="com.runner.OpenCartRunner" name="Scenario" time="6.129"/>
  <system-out/>
  <testcase classname="com.runner.OpenCartRunner" name="Scenario" time="6.535"/>
  <system-out/>
</testsuite> <!-- com.runner.OpenCartRunner -->
