<?xml version="1.0" encoding="UTF-8"?>
<!-- Generated by org.testng.reporters.JUnitReportReporter -->
<testsuite hostname="CSE1805568" failures="0" tests="1" name="com.runner.OpenCartRunner" time="23.793" errors="0" timestamp="2022-03-22T21:07:27 IST" skipped="0">
  <testcase classname="com.runner.OpenCartRunner" name="Scenario" time="23.793"/>
  <system-out/>
</testsuite> <!-- com.runner.OpenCartRunner -->
