<?xml version="1.0" encoding="UTF-8"?>
<!-- Generated by org.testng.reporters.JUnitReportReporter -->
<testsuite hostname="CSE1805568" failures="0" tests="15" name="com.runner.OpenCartRunner" time="467.522" errors="0" timestamp="2022-03-22T20:29:59 IST" skipped="0">
  <testcase classname="com.runner.OpenCartRunner" name="Scenario" time="22.155"/>
  <system-out/>
  <testcase classname="com.runner.OpenCartRunner" name="Scenario" time="26.834"/>
  <system-out/>
  <testcase classname="com.runner.OpenCartRunner" name="Scenario" time="54.972"/>
  <system-out/>
  <testcase classname="com.runner.OpenCartRunner" name="Scenario" time="26.153"/>
  <system-out/>
  <testcase classname="com.runner.OpenCartRunner" name="Scenario" time="31.745"/>
  <system-out/>
  <testcase classname="com.runner.OpenCartRunner" name="Scenario" time="31.553"/>
  <system-out/>
  <testcase classname="com.runner.OpenCartRunner" name="Scenario" time="24.372"/>
  <system-out/>
  <testcase classname="com.runner.OpenCartRunner" name="Scenario" time="19.312"/>
  <system-out/>
  <testcase classname="com.runner.OpenCartRunner" name="Scenario" time="20.766"/>
  <system-out/>
  <testcase classname="com.runner.OpenCartRunner" name="Scenario" time="25.613"/>
  <system-out/>
  <testcase classname="com.runner.OpenCartRunner" name="Scenario" time="41.473"/>
  <system-out/>
  <testcase classname="com.runner.OpenCartRunner" name="Scenario" time="49.213"/>
  <system-out/>
  <testcase classname="com.runner.OpenCartRunner" name="Scenario" time="26.932"/>
  <system-out/>
  <testcase classname="com.runner.OpenCartRunner" name="Scenario" time="20.723"/>
  <system-out/>
  <testcase classname="com.runner.OpenCartRunner" name="Scenario" time="45.706"/>
  <system-out/>
</testsuite> <!-- com.runner.OpenCartRunner -->
